c:\users\mount\onedrive\desktop\hal\cp11\hew2021_console\hew2021_soul\release\vc141.pdb
c:\users\mount\onedrive\desktop\hal\cp11\hew2021_console\hew2021_soul\release\main.obj
c:\users\mount\onedrive\desktop\hal\cp11\hew2021_console\hew2021_soul\release\game.obj
c:\users\mount\onedrive\desktop\hal\cp11\hew2021_console\hew2021_soul\release\bluesoul.obj
c:\users\mount\onedrive\desktop\hal\cp11\hew2021_console\hew2021_soul\release\basesprite.obj
c:\users\mount\onedrive\desktop\hal\cp11\hew2021_console\hew2021_soul\release\basescene.obj
c:\users\mount\onedrive\desktop\hal\cp11\hew2021_console\hew2021_soul\release\math.obj
c:\users\mount\onedrive\desktop\hal\cp11\hew2021_console\hew2021_soul\release\input.obj
c:\users\mount\onedrive\desktop\hal\cp11\hew2021_console\hew2021_soul\release\gametimer.obj
c:\users\mount\onedrive\desktop\hal\cp11\hew2021_console\hew2021_soul\release\fileloader.obj
c:\users\mount\onedrive\desktop\hal\cp11\hew2021_console\hew2021_soul\release\consolemanager.obj
c:\users\mount\onedrive\desktop\hal\cp11\hew2021_console\hew2021_soul\release\yellowsoul.obj
c:\users\mount\onedrive\desktop\hal\cp11\hew2021_console\hew2021_soul\release\systeminit.obj
c:\users\mount\onedrive\desktop\hal\cp11\hew2021_console\hew2021_soul\release\redsoul.obj
c:\users\mount\onedrive\desktop\hal\cp11\hew2021_console\hew2021_soul\release\greensoul.obj
c:\users\mount\onedrive\desktop\hal\cp11\hew2021_console\hew2021_soul\release\message.obj
c:\users\mount\onedrive\desktop\hal\cp11\hew2021_console\release\exe\hew2021_soul.ipdb
c:\users\mount\onedrive\desktop\hal\cp11\hew2021_console\release\exe\hew2021_soul.iobj
c:\users\mount\onedrive\desktop\hal\cp11\hew2021_console\release\exe\hew2021_soul.exe
c:\users\mount\onedrive\desktop\hal\cp11\hew2021_console\release\exe\hew2021_soul.pdb
c:\users\mount\onedrive\desktop\hal\cp11\hew2021_console\hew2021_soul\..\release\exe\hew2021_soul.exe
c:\users\mount\onedrive\desktop\hal\cp11\hew2021_console\hew2021_soul\release\hew2021_soul.tlog\cl.command.1.tlog
c:\users\mount\onedrive\desktop\hal\cp11\hew2021_console\hew2021_soul\release\hew2021_soul.tlog\cl.read.1.tlog
c:\users\mount\onedrive\desktop\hal\cp11\hew2021_console\hew2021_soul\release\hew2021_soul.tlog\cl.write.1.tlog
c:\users\mount\onedrive\desktop\hal\cp11\hew2021_console\hew2021_soul\release\hew2021_soul.tlog\hew2021_soul.write.1u.tlog
c:\users\mount\onedrive\desktop\hal\cp11\hew2021_console\hew2021_soul\release\hew2021_soul.tlog\link.command.1.tlog
c:\users\mount\onedrive\desktop\hal\cp11\hew2021_console\hew2021_soul\release\hew2021_soul.tlog\link.read.1.tlog
c:\users\mount\onedrive\desktop\hal\cp11\hew2021_console\hew2021_soul\release\hew2021_soul.tlog\link.write.1.tlog
