c:\users\mount\onedrive\desktop\hal\cp11\hew2021_console\hew2021_message\release\vc141.pdb
c:\users\mount\onedrive\desktop\hal\cp11\hew2021_console\hew2021_message\release\me_bluesoul.obj
c:\users\mount\onedrive\desktop\hal\cp11\hew2021_console\hew2021_message\release\message.obj
c:\users\mount\onedrive\desktop\hal\cp11\hew2021_console\hew2021_message\release\main.obj
c:\users\mount\onedrive\desktop\hal\cp11\hew2021_console\hew2021_message\release\game.obj
c:\users\mount\onedrive\desktop\hal\cp11\hew2021_console\hew2021_message\release\basesprite.obj
c:\users\mount\onedrive\desktop\hal\cp11\hew2021_console\hew2021_message\release\basescene.obj
c:\users\mount\onedrive\desktop\hal\cp11\hew2021_console\hew2021_message\release\math.obj
c:\users\mount\onedrive\desktop\hal\cp11\hew2021_console\hew2021_message\release\input.obj
c:\users\mount\onedrive\desktop\hal\cp11\hew2021_console\hew2021_message\release\gametimer.obj
c:\users\mount\onedrive\desktop\hal\cp11\hew2021_console\hew2021_message\release\fileloader.obj
c:\users\mount\onedrive\desktop\hal\cp11\hew2021_console\hew2021_message\release\consolemanager.obj
c:\users\mount\onedrive\desktop\hal\cp11\hew2021_console\hew2021_message\release\me_yellowsoul.obj
c:\users\mount\onedrive\desktop\hal\cp11\hew2021_console\hew2021_message\release\me_greensoul.obj
c:\users\mount\onedrive\desktop\hal\cp11\hew2021_console\hew2021_message\release\me_redsoul.obj
c:\users\mount\onedrive\desktop\hal\cp11\hew2021_console\release\exe\hew2021_message.ipdb
c:\users\mount\onedrive\desktop\hal\cp11\hew2021_console\release\exe\hew2021_message.iobj
c:\users\mount\onedrive\desktop\hal\cp11\hew2021_console\release\exe\hew2021_message.exe
c:\users\mount\onedrive\desktop\hal\cp11\hew2021_console\release\exe\hew2021_message.pdb
c:\users\mount\onedrive\desktop\hal\cp11\hew2021_console\hew2021_message\..\release\exe\hew2021_message.exe
c:\users\mount\onedrive\desktop\hal\cp11\hew2021_console\hew2021_message\release\hew2021_message.tlog\cl.command.1.tlog
c:\users\mount\onedrive\desktop\hal\cp11\hew2021_console\hew2021_message\release\hew2021_message.tlog\cl.read.1.tlog
c:\users\mount\onedrive\desktop\hal\cp11\hew2021_console\hew2021_message\release\hew2021_message.tlog\cl.write.1.tlog
c:\users\mount\onedrive\desktop\hal\cp11\hew2021_console\hew2021_message\release\hew2021_message.tlog\hew2021_message.write.1u.tlog
c:\users\mount\onedrive\desktop\hal\cp11\hew2021_console\hew2021_message\release\hew2021_message.tlog\link.command.1.tlog
c:\users\mount\onedrive\desktop\hal\cp11\hew2021_console\hew2021_message\release\hew2021_message.tlog\link.read.1.tlog
c:\users\mount\onedrive\desktop\hal\cp11\hew2021_console\hew2021_message\release\hew2021_message.tlog\link.write.1.tlog
