c:\users\mount\onedrive\desktop\hal\cp11\hew2021_console\hew2021_player\release\vc141.pdb
c:\users\mount\onedrive\desktop\hal\cp11\hew2021_console\hew2021_player\release\main.obj
c:\users\mount\onedrive\desktop\hal\cp11\hew2021_console\hew2021_player\release\redsoulabs.obj
c:\users\mount\onedrive\desktop\hal\cp11\hew2021_console\hew2021_player\release\player.obj
c:\users\mount\onedrive\desktop\hal\cp11\hew2021_console\hew2021_player\release\greensoulabs.obj
c:\users\mount\onedrive\desktop\hal\cp11\hew2021_console\hew2021_player\release\game.obj
c:\users\mount\onedrive\desktop\hal\cp11\hew2021_console\hew2021_player\release\bluesoulabs.obj
c:\users\mount\onedrive\desktop\hal\cp11\hew2021_console\hew2021_player\release\basesprite.obj
c:\users\mount\onedrive\desktop\hal\cp11\hew2021_console\hew2021_player\release\basescene.obj
c:\users\mount\onedrive\desktop\hal\cp11\hew2021_console\hew2021_player\release\math.obj
c:\users\mount\onedrive\desktop\hal\cp11\hew2021_console\hew2021_player\release\input.obj
c:\users\mount\onedrive\desktop\hal\cp11\hew2021_console\hew2021_player\release\gametimer.obj
c:\users\mount\onedrive\desktop\hal\cp11\hew2021_console\hew2021_player\release\fileloader.obj
c:\users\mount\onedrive\desktop\hal\cp11\hew2021_console\hew2021_player\release\consolemanager.obj
c:\users\mount\onedrive\desktop\hal\cp11\hew2021_console\release\exe\hew2021_player.ipdb
c:\users\mount\onedrive\desktop\hal\cp11\hew2021_console\release\exe\hew2021_player.iobj
c:\users\mount\onedrive\desktop\hal\cp11\hew2021_console\hew2021_player\release\hew2021_player.tlog\cl.command.1.tlog
c:\users\mount\onedrive\desktop\hal\cp11\hew2021_console\hew2021_player\release\hew2021_player.tlog\cl.read.1.tlog
c:\users\mount\onedrive\desktop\hal\cp11\hew2021_console\hew2021_player\release\hew2021_player.tlog\cl.write.1.tlog
c:\users\mount\onedrive\desktop\hal\cp11\hew2021_console\hew2021_player\release\hew2021_player.tlog\hew2021_player.write.1u.tlog
c:\users\mount\onedrive\desktop\hal\cp11\hew2021_console\hew2021_player\release\hew2021_player.tlog\link.command.1.tlog
c:\users\mount\onedrive\desktop\hal\cp11\hew2021_console\hew2021_player\release\hew2021_player.tlog\link.read.1.tlog
c:\users\mount\onedrive\desktop\hal\cp11\hew2021_console\hew2021_player\release\hew2021_player.tlog\link.write.1.tlog
