c:\users\mount\onedrive\desktop\hal\cp11\hew2021_console\hew2021_title\release\vc141.pdb
c:\users\mount\onedrive\desktop\hal\cp11\hew2021_console\hew2021_title\release\title.obj
c:\users\mount\onedrive\desktop\hal\cp11\hew2021_console\hew2021_title\release\basesprite.obj
c:\users\mount\onedrive\desktop\hal\cp11\hew2021_console\hew2021_title\release\main.obj
c:\users\mount\onedrive\desktop\hal\cp11\hew2021_console\hew2021_title\release\game.obj
c:\users\mount\onedrive\desktop\hal\cp11\hew2021_console\hew2021_title\release\basescene.obj
c:\users\mount\onedrive\desktop\hal\cp11\hew2021_console\hew2021_title\release\math.obj
c:\users\mount\onedrive\desktop\hal\cp11\hew2021_console\hew2021_title\release\input.obj
c:\users\mount\onedrive\desktop\hal\cp11\hew2021_console\hew2021_title\release\gametimer.obj
c:\users\mount\onedrive\desktop\hal\cp11\hew2021_console\hew2021_title\release\fileloader.obj
c:\users\mount\onedrive\desktop\hal\cp11\hew2021_console\hew2021_title\release\consolemanager.obj
c:\users\mount\onedrive\desktop\hal\cp11\hew2021_console\release\hew2021_title.ipdb
c:\users\mount\onedrive\desktop\hal\cp11\hew2021_console\release\hew2021_title.iobj
c:\users\mount\onedrive\desktop\hal\cp11\hew2021_console\release\hew2021_title.exe
c:\users\mount\onedrive\desktop\hal\cp11\hew2021_console\release\hew2021_title.pdb
c:\users\mount\onedrive\desktop\hal\cp11\hew2021_console\hew2021_title\release\hew2021_title.tlog\cl.command.1.tlog
c:\users\mount\onedrive\desktop\hal\cp11\hew2021_console\hew2021_title\release\hew2021_title.tlog\cl.read.1.tlog
c:\users\mount\onedrive\desktop\hal\cp11\hew2021_console\hew2021_title\release\hew2021_title.tlog\cl.write.1.tlog
c:\users\mount\onedrive\desktop\hal\cp11\hew2021_console\hew2021_title\release\hew2021_title.tlog\hew2021_title.write.1u.tlog
c:\users\mount\onedrive\desktop\hal\cp11\hew2021_console\hew2021_title\release\hew2021_title.tlog\link.command.1.tlog
c:\users\mount\onedrive\desktop\hal\cp11\hew2021_console\hew2021_title\release\hew2021_title.tlog\link.read.1.tlog
c:\users\mount\onedrive\desktop\hal\cp11\hew2021_console\hew2021_title\release\hew2021_title.tlog\link.write.1.tlog
